<?xml version="1.0" encoding="UTF-8"?>
<!-- Generated by org.testng.reporters.JUnitReportReporter -->
<testsuite hostname="DESKTOP-14N1F2H" failures="0" tests="9" name="parallel.Test" time="54.803" errors="0" timestamp="2024-04-19T09:48:37 EDT" skipped="0">
  <testcase classname="parallel.Test" name="googletest" time="3.529"/>
  <testcase classname="parallel.Test" name="titleTest" time="6.386"/>
  <testcase classname="parallel.Test" name="browsertest" time="3.848"/>
  <testcase classname="parallel.Test" name="browsertest" time="19.172"/>
  <testcase classname="parallel.Test" name="titleTest" time="6.258"/>
  <testcase classname="parallel.Test" name="googletest" time="1.541"/>
  <testcase classname="parallel.Test" name="titleTest" time="6.083"/>
  <testcase classname="parallel.Test" name="browsertest" time="6.095"/>
  <testcase classname="parallel.Test" name="googletest" time="1.891"/>
</testsuite> <!-- parallel.Test -->
