<?xml version="1.0" encoding="UTF-8"?>
<!-- Generated by org.testng.reporters.JUnitReportReporter -->
<testsuite hostname="DESKTOP-14N1F2H" failures="0" tests="9" name="parallel.Test" time="92.934" errors="0" timestamp="2024-04-19T12:47:32 EDT" skipped="0">
  <testcase classname="parallel.Test" name="googletest" time="8.041"/>
  <testcase classname="parallel.Test" name="titleTest" time="5.665"/>
  <testcase classname="parallel.Test" name="browsertest" time="13.715"/>
  <testcase classname="parallel.Test" name="googletest" time="2.448"/>
  <testcase classname="parallel.Test" name="titleTest" time="5.724"/>
  <testcase classname="parallel.Test" name="googletest" time="1.558"/>
  <testcase classname="parallel.Test" name="browsertest" time="22.024"/>
  <testcase classname="parallel.Test" name="titleTest" time="5.103"/>
  <testcase classname="parallel.Test" name="browsertest" time="28.656"/>
</testsuite> <!-- parallel.Test -->
